[0.062s] Invoking command in '/impacs/kmf3/ros2_ws/src/kmf3_ros360_cpp/build/kmf3_ros360_cpp': CMAKE_PREFIX_PATH=${CMAKE_PREFIX_PATH}:/opt/ros/humble /usr/bin/cmake --build /impacs/kmf3/ros2_ws/src/kmf3_ros360_cpp/build/kmf3_ros360_cpp -- -j4 -l4
[0.206s] [ 14%] Built target helloworld
[0.275s] [ 28%] Built target lidarSub
[0.338s] [ 42%] Built target randomRobot
[0.401s] [ 50%] [32mBuilding CXX object CMakeFiles/templatePubSub.dir/src/templatePubSub.cpp.o[0m
[13.542s] [ 57%] [32m[1mLinking CXX executable templatePubSub[0m
[14.456s] [ 57%] Built target templatePubSub
[14.537s] [ 71%] Built target worksheet3
[14.596s] [ 85%] Built target exampleSubscriber
[14.656s] [100%] Built target examplePublisher
[14.716s] Invoked command in '/impacs/kmf3/ros2_ws/src/kmf3_ros360_cpp/build/kmf3_ros360_cpp' returned '0': CMAKE_PREFIX_PATH=${CMAKE_PREFIX_PATH}:/opt/ros/humble /usr/bin/cmake --build /impacs/kmf3/ros2_ws/src/kmf3_ros360_cpp/build/kmf3_ros360_cpp -- -j4 -l4
[14.848s] Invoking command in '/impacs/kmf3/ros2_ws/src/kmf3_ros360_cpp/build/kmf3_ros360_cpp': CMAKE_PREFIX_PATH=${CMAKE_PREFIX_PATH}:/opt/ros/humble /usr/bin/cmake --install /impacs/kmf3/ros2_ws/src/kmf3_ros360_cpp/build/kmf3_ros360_cpp
[14.856s] -- Install configuration: ""
[14.861s] -- Up-to-date: /impacs/kmf3/ros2_ws/src/kmf3_ros360_cpp/install/kmf3_ros360_cpp/lib/kmf3_ros360_cpp/helloworld
[14.868s] -- Up-to-date: /impacs/kmf3/ros2_ws/src/kmf3_ros360_cpp/install/kmf3_ros360_cpp/lib/kmf3_ros360_cpp/examplePublisher
[14.879s] -- Up-to-date: /impacs/kmf3/ros2_ws/src/kmf3_ros360_cpp/install/kmf3_ros360_cpp/lib/kmf3_ros360_cpp/exampleSubscriber
[14.892s] -- Up-to-date: /impacs/kmf3/ros2_ws/src/kmf3_ros360_cpp/install/kmf3_ros360_cpp/lib/kmf3_ros360_cpp/lidarSub
[14.927s] -- Up-to-date: /impacs/kmf3/ros2_ws/src/kmf3_ros360_cpp/install/kmf3_ros360_cpp/lib/kmf3_ros360_cpp/randomRobot
[14.946s] -- Installing: /impacs/kmf3/ros2_ws/src/kmf3_ros360_cpp/install/kmf3_ros360_cpp/lib/kmf3_ros360_cpp/templatePubSub
[15.033s] -- Set runtime path of "/impacs/kmf3/ros2_ws/src/kmf3_ros360_cpp/install/kmf3_ros360_cpp/lib/kmf3_ros360_cpp/templatePubSub" to ""
[15.041s] -- Up-to-date: /impacs/kmf3/ros2_ws/src/kmf3_ros360_cpp/install/kmf3_ros360_cpp/lib/kmf3_ros360_cpp/worksheet3
[15.050s] -- Up-to-date: /impacs/kmf3/ros2_ws/src/kmf3_ros360_cpp/install/kmf3_ros360_cpp/share/kmf3_ros360_cpp//launch
[15.053s] -- Up-to-date: /impacs/kmf3/ros2_ws/src/kmf3_ros360_cpp/install/kmf3_ros360_cpp/share/kmf3_ros360_cpp//launch/husky.launch.py
[15.054s] -- Up-to-date: /impacs/kmf3/ros2_ws/src/kmf3_ros360_cpp/install/kmf3_ros360_cpp/share/kmf3_ros360_cpp//config
[15.059s] -- Up-to-date: /impacs/kmf3/ros2_ws/src/kmf3_ros360_cpp/install/kmf3_ros360_cpp/share/kmf3_ros360_cpp//config/husky_rviz.config.rviz
[15.063s] -- Up-to-date: /impacs/kmf3/ros2_ws/src/kmf3_ros360_cpp/install/kmf3_ros360_cpp/lib/kmf3_ros360_cpp/helloworld
[15.066s] -- Up-to-date: /impacs/kmf3/ros2_ws/src/kmf3_ros360_cpp/install/kmf3_ros360_cpp/share/ament_index/resource_index/package_run_dependencies/kmf3_ros360_cpp
[15.068s] -- Up-to-date: /impacs/kmf3/ros2_ws/src/kmf3_ros360_cpp/install/kmf3_ros360_cpp/share/ament_index/resource_index/parent_prefix_path/kmf3_ros360_cpp
[15.071s] -- Up-to-date: /impacs/kmf3/ros2_ws/src/kmf3_ros360_cpp/install/kmf3_ros360_cpp/share/kmf3_ros360_cpp/environment/ament_prefix_path.sh
[15.074s] -- Up-to-date: /impacs/kmf3/ros2_ws/src/kmf3_ros360_cpp/install/kmf3_ros360_cpp/share/kmf3_ros360_cpp/environment/ament_prefix_path.dsv
[15.076s] -- Up-to-date: /impacs/kmf3/ros2_ws/src/kmf3_ros360_cpp/install/kmf3_ros360_cpp/share/kmf3_ros360_cpp/environment/path.sh
[15.078s] -- Up-to-date: /impacs/kmf3/ros2_ws/src/kmf3_ros360_cpp/install/kmf3_ros360_cpp/share/kmf3_ros360_cpp/environment/path.dsv
[15.080s] -- Up-to-date: /impacs/kmf3/ros2_ws/src/kmf3_ros360_cpp/install/kmf3_ros360_cpp/share/kmf3_ros360_cpp/local_setup.bash
[15.084s] -- Up-to-date: /impacs/kmf3/ros2_ws/src/kmf3_ros360_cpp/install/kmf3_ros360_cpp/share/kmf3_ros360_cpp/local_setup.sh
[15.086s] -- Up-to-date: /impacs/kmf3/ros2_ws/src/kmf3_ros360_cpp/install/kmf3_ros360_cpp/share/kmf3_ros360_cpp/local_setup.zsh
[15.089s] -- Up-to-date: /impacs/kmf3/ros2_ws/src/kmf3_ros360_cpp/install/kmf3_ros360_cpp/share/kmf3_ros360_cpp/local_setup.dsv
[15.092s] -- Installing: /impacs/kmf3/ros2_ws/src/kmf3_ros360_cpp/install/kmf3_ros360_cpp/share/kmf3_ros360_cpp/package.dsv
[15.108s] -- Up-to-date: /impacs/kmf3/ros2_ws/src/kmf3_ros360_cpp/install/kmf3_ros360_cpp/share/ament_index/resource_index/packages/kmf3_ros360_cpp
[15.110s] -- Up-to-date: /impacs/kmf3/ros2_ws/src/kmf3_ros360_cpp/install/kmf3_ros360_cpp/share/kmf3_ros360_cpp/cmake/kmf3_ros360_cppConfig.cmake
[15.113s] -- Up-to-date: /impacs/kmf3/ros2_ws/src/kmf3_ros360_cpp/install/kmf3_ros360_cpp/share/kmf3_ros360_cpp/cmake/kmf3_ros360_cppConfig-version.cmake
[15.115s] -- Up-to-date: /impacs/kmf3/ros2_ws/src/kmf3_ros360_cpp/install/kmf3_ros360_cpp/share/kmf3_ros360_cpp/package.xml
[15.123s] Invoked command in '/impacs/kmf3/ros2_ws/src/kmf3_ros360_cpp/build/kmf3_ros360_cpp' returned '0': CMAKE_PREFIX_PATH=${CMAKE_PREFIX_PATH}:/opt/ros/humble /usr/bin/cmake --install /impacs/kmf3/ros2_ws/src/kmf3_ros360_cpp/build/kmf3_ros360_cpp
