[ 14%] Built target helloworld
[ 28%] Built target lidarSub
[ 42%] Built target randomRobot
[35m[1mConsolidate compiler generated dependencies of target templatePubSub[0m
[ 50%] [32mBuilding CXX object CMakeFiles/templatePubSub.dir/src/templatePubSub.cpp.o[0m
[01m[K/impacs/kmf3/ros2_ws/src/kmf3_ros360_cpp/src/templatePubSub.cpp:[m[K In member function ‘[01m[Kvoid PubSubTemplate::timer_callback()[m[K’:
[01m[K/impacs/kmf3/ros2_ws/src/kmf3_ros360_cpp/src/templatePubSub.cpp:59:11:[m[K [01;35m[Kwarning: [m[Kunused variable ‘[01m[Kx[m[K’ [[01;35m[K]8;;https://gcc.gnu.org/onlinedocs/gcc/Warning-Options.html#index-Wunused-variable-Wunused-variable]8;;[m[K]
   59 |     float [01;35m[Kx[m[K;
      |           [01;35m[K^[m[K
[01m[K/impacs/kmf3/ros2_ws/src/kmf3_ros360_cpp/src/templatePubSub.cpp:60:11:[m[K [01;35m[Kwarning: [m[Kunused variable ‘[01m[Kz[m[K’ [[01;35m[K]8;;https://gcc.gnu.org/onlinedocs/gcc/Warning-Options.html#index-Wunused-variable-Wunused-variable]8;;[m[K]
   60 |     float [01;35m[Kz[m[K;
      |           [01;35m[K^[m[K
[ 57%] [32m[1mLinking CXX executable templatePubSub[0m
[ 57%] Built target templatePubSub
[ 71%] Built target worksheet3
[ 85%] Built target exampleSubscriber
[100%] Built target examplePublisher
-- Install configuration: ""
-- Up-to-date: /impacs/kmf3/ros2_ws/src/kmf3_ros360_cpp/install/kmf3_ros360_cpp/lib/kmf3_ros360_cpp/helloworld
-- Up-to-date: /impacs/kmf3/ros2_ws/src/kmf3_ros360_cpp/install/kmf3_ros360_cpp/lib/kmf3_ros360_cpp/examplePublisher
-- Up-to-date: /impacs/kmf3/ros2_ws/src/kmf3_ros360_cpp/install/kmf3_ros360_cpp/lib/kmf3_ros360_cpp/exampleSubscriber
-- Up-to-date: /impacs/kmf3/ros2_ws/src/kmf3_ros360_cpp/install/kmf3_ros360_cpp/lib/kmf3_ros360_cpp/lidarSub
-- Up-to-date: /impacs/kmf3/ros2_ws/src/kmf3_ros360_cpp/install/kmf3_ros360_cpp/lib/kmf3_ros360_cpp/randomRobot
-- Installing: /impacs/kmf3/ros2_ws/src/kmf3_ros360_cpp/install/kmf3_ros360_cpp/lib/kmf3_ros360_cpp/templatePubSub
-- Set runtime path of "/impacs/kmf3/ros2_ws/src/kmf3_ros360_cpp/install/kmf3_ros360_cpp/lib/kmf3_ros360_cpp/templatePubSub" to ""
-- Up-to-date: /impacs/kmf3/ros2_ws/src/kmf3_ros360_cpp/install/kmf3_ros360_cpp/lib/kmf3_ros360_cpp/worksheet3
-- Up-to-date: /impacs/kmf3/ros2_ws/src/kmf3_ros360_cpp/install/kmf3_ros360_cpp/share/kmf3_ros360_cpp//launch
-- Up-to-date: /impacs/kmf3/ros2_ws/src/kmf3_ros360_cpp/install/kmf3_ros360_cpp/share/kmf3_ros360_cpp//launch/husky.launch.py
-- Up-to-date: /impacs/kmf3/ros2_ws/src/kmf3_ros360_cpp/install/kmf3_ros360_cpp/share/kmf3_ros360_cpp//config
-- Up-to-date: /impacs/kmf3/ros2_ws/src/kmf3_ros360_cpp/install/kmf3_ros360_cpp/share/kmf3_ros360_cpp//config/husky_rviz.config.rviz
-- Up-to-date: /impacs/kmf3/ros2_ws/src/kmf3_ros360_cpp/install/kmf3_ros360_cpp/lib/kmf3_ros360_cpp/helloworld
-- Up-to-date: /impacs/kmf3/ros2_ws/src/kmf3_ros360_cpp/install/kmf3_ros360_cpp/share/ament_index/resource_index/package_run_dependencies/kmf3_ros360_cpp
-- Up-to-date: /impacs/kmf3/ros2_ws/src/kmf3_ros360_cpp/install/kmf3_ros360_cpp/share/ament_index/resource_index/parent_prefix_path/kmf3_ros360_cpp
-- Up-to-date: /impacs/kmf3/ros2_ws/src/kmf3_ros360_cpp/install/kmf3_ros360_cpp/share/kmf3_ros360_cpp/environment/ament_prefix_path.sh
-- Up-to-date: /impacs/kmf3/ros2_ws/src/kmf3_ros360_cpp/install/kmf3_ros360_cpp/share/kmf3_ros360_cpp/environment/ament_prefix_path.dsv
-- Up-to-date: /impacs/kmf3/ros2_ws/src/kmf3_ros360_cpp/install/kmf3_ros360_cpp/share/kmf3_ros360_cpp/environment/path.sh
-- Up-to-date: /impacs/kmf3/ros2_ws/src/kmf3_ros360_cpp/install/kmf3_ros360_cpp/share/kmf3_ros360_cpp/environment/path.dsv
-- Up-to-date: /impacs/kmf3/ros2_ws/src/kmf3_ros360_cpp/install/kmf3_ros360_cpp/share/kmf3_ros360_cpp/local_setup.bash
-- Up-to-date: /impacs/kmf3/ros2_ws/src/kmf3_ros360_cpp/install/kmf3_ros360_cpp/share/kmf3_ros360_cpp/local_setup.sh
-- Up-to-date: /impacs/kmf3/ros2_ws/src/kmf3_ros360_cpp/install/kmf3_ros360_cpp/share/kmf3_ros360_cpp/local_setup.zsh
-- Up-to-date: /impacs/kmf3/ros2_ws/src/kmf3_ros360_cpp/install/kmf3_ros360_cpp/share/kmf3_ros360_cpp/local_setup.dsv
-- Installing: /impacs/kmf3/ros2_ws/src/kmf3_ros360_cpp/install/kmf3_ros360_cpp/share/kmf3_ros360_cpp/package.dsv
-- Up-to-date: /impacs/kmf3/ros2_ws/src/kmf3_ros360_cpp/install/kmf3_ros360_cpp/share/ament_index/resource_index/packages/kmf3_ros360_cpp
-- Up-to-date: /impacs/kmf3/ros2_ws/src/kmf3_ros360_cpp/install/kmf3_ros360_cpp/share/kmf3_ros360_cpp/cmake/kmf3_ros360_cppConfig.cmake
-- Up-to-date: /impacs/kmf3/ros2_ws/src/kmf3_ros360_cpp/install/kmf3_ros360_cpp/share/kmf3_ros360_cpp/cmake/kmf3_ros360_cppConfig-version.cmake
-- Up-to-date: /impacs/kmf3/ros2_ws/src/kmf3_ros360_cpp/install/kmf3_ros360_cpp/share/kmf3_ros360_cpp/package.xml
