[0.000000] (-) TimerEvent: {}
[0.000163] (kmf3_ros360_cpp) JobQueued: {'identifier': 'kmf3_ros360_cpp', 'dependencies': OrderedDict()}
[0.000201] (kmf3_ros360_cpp) JobStarted: {'identifier': 'kmf3_ros360_cpp'}
[0.026900] (kmf3_ros360_cpp) JobProgress: {'identifier': 'kmf3_ros360_cpp', 'progress': 'cmake'}
[0.038029] (kmf3_ros360_cpp) JobProgress: {'identifier': 'kmf3_ros360_cpp', 'progress': 'build'}
[0.038108] (kmf3_ros360_cpp) Command: {'cmd': ['/usr/bin/cmake', '--build', '/impacs/kmf3/ros2_ws/src/kmf3_ros360_cpp/build/kmf3_ros360_cpp', '--', '-j4', '-l4'], 'cwd': '/impacs/kmf3/ros2_ws/src/kmf3_ros360_cpp/build/kmf3_ros360_cpp', 'env': OrderedDict([('GAUSS_EXEDIR', '/opt/gaussian/g16/bsd:/opt/gaussian/g16'), ('PGI_TERM', 'trace,abort'), ('_DSM_BARRIER', 'SHM'), ('LANGUAGE', 'en_GB:en'), ('USER', 'kmf3'), ('GAUSS_LFLAGS2', '--LindaOptions -s 10000000'), ('G16BASIS', '/opt/gaussian/g16/basis'), ('XDG_SESSION_TYPE', 'wayland'), ('g16root', '/opt/gaussian'), ('SHLVL', '1'), ('LD_LIBRARY_PATH', '/opt/ros/humble/opt/rviz_ogre_vendor/lib:/opt/ros/humble/lib/x86_64-linux-gnu:/opt/ros/humble/lib:/opt/gaussian/g16/bsd:/opt/gaussian/g16:/opt/gaussian/gv/lib'), ('HOME', '/impacs/kmf3'), ('GAUSS_SRCDIR', '/tmp/gaussian-kmf3'), ('OLDPWD', '/impacs/kmf3/ros2_ws/src'), ('DESKTOP_SESSION', 'ubuntu'), ('PERLLIB', '/opt/gaussian/gauopen:/opt/gaussian/g16/bsd:/opt/gaussian/g16'), ('ROS_PYTHON_VERSION', '3'), ('GNOME_SHELL_SESSION_MODE', 'ubuntu'), ('GTK_MODULES', 'gail:atk-bridge'), ('ANACONDA_DEFAULT_ENV', 'teaching'), ('SYSTEMD_EXEC_PID', '162048'), ('DBUS_SESSION_BUS_ADDRESS', 'unix:path=/run/user/25423/bus'), ('COLORTERM', 'truecolor'), ('GV_DIR', '/opt/gaussian/gv'), ('_colcon_cd_root', '/opt/ros/humble/'), ('IM_CONFIG_PHASE', '1'), ('WAYLAND_DISPLAY', 'wayland-0'), ('COLCON_PREFIX_PATH', '/impacs/kmf3/ros2_ws/install'), ('ROS_DISTRO', 'humble'), ('LOGNAME', 'kmf3'), ('_', '/usr/bin/colcon'), ('ROS_VERSION', '2'), ('XDG_SESSION_CLASS', 'user'), ('USERNAME', 'kmf3'), ('TERM', 'xterm-256color'), ('GNOME_DESKTOP_SESSION_ID', 'this-is-deprecated'), ('ROS_LOCALHOST_ONLY', '1'), ('PATH', '/opt/ros/humble/bin:/usr/local/sbin:/usr/local/bin:/usr/sbin:/usr/bin:/sbin:/bin:/usr/games:/usr/local/games:/snap/bin:/snap/bin:/impacs/kmf3/.dotnet/tools:/opt/gaussian/gauopen:/opt/gaussian/g16/bsd:/opt/gaussian/g16:/opt/microchip/xc16/bin'), ('SESSION_MANAGER', 'local/mpct-llb57-21:@/tmp/.ICE-unix/151712,unix/mpct-llb57-21:/tmp/.ICE-unix/151712'), ('GAUSS_ARCHDIR', '/opt/gaussian/g16/arch'), ('XDG_MENU_PREFIX', 'gnome-'), ('GNOME_TERMINAL_SCREEN', '/org/gnome/Terminal/screen/62a95f3b_4594_4c86_a6e7_24c6dbda22d6'), ('GNOME_SETUP_DISPLAY', ':9'), ('XDG_RUNTIME_DIR', '/run/user/25423'), ('DISPLAY', ':8'), ('LANG', 'en_GB.UTF-8'), ('XDG_CURRENT_DESKTOP', 'ubuntu:GNOME'), ('XMODIFIERS', '@im=ibus'), ('XDG_SESSION_DESKTOP', 'ubuntu'), ('XAUTHORITY', '/run/user/25423/.mutter-Xwaylandauth.ACSYW2'), ('GNOME_TERMINAL_SERVICE', ':1.189'), ('SSH_AGENT_LAUNCHER', 'gnome-keyring'), ('SSH_AUTH_SOCK', '/run/user/25423/keyring/ssh'), ('AMENT_PREFIX_PATH', '/impacs/kmf3/ros2_ws/install/ros360_gz:/impacs/kmf3/ros2_ws/install/kmf3_ros360_cpp:/opt/ros/humble'), ('SHELL', '/bin/bash'), ('KRB5CCNAME', 'FILE:/tmp/krb5cc_25423_mTXtmu'), ('QT_ACCESSIBILITY', '1'), ('GDMSESSION', 'ubuntu'), ('GAUSS_BSDDIR', '/opt/gaussian/g16/bsd'), ('QT_IM_MODULE', 'ibus'), ('PWD', '/impacs/kmf3/ros2_ws/src/kmf3_ros360_cpp/build/kmf3_ros360_cpp'), ('XDG_CONFIG_DIRS', '/etc/xdg/xdg-ubuntu:/etc/xdg'), ('XDG_DATA_DIRS', '/usr/share/ubuntu:/usr/local/share/:/usr/share/:/var/lib/snapd/desktop'), ('PYTHONPATH', '/opt/ros/humble/lib/python3.10/site-packages:/opt/ros/humble/local/lib/python3.10/dist-packages:/opt/gaussian/gauopen:/opt/gaussian/g16/bsd:/opt/gaussian/g16'), ('COLCON', '1'), ('VTE_VERSION', '6800'), ('GAUSS_LEXEDIR', '/opt/gaussian/g16/linda-exe'), ('CMAKE_PREFIX_PATH', '/impacs/kmf3/ros2_ws/install/ros360_gz:/impacs/kmf3/ros2_ws/install/kmf3_ros360_cpp:/opt/ros/humble')]), 'shell': False}
[0.095235] (-) TimerEvent: {}
[0.190868] (kmf3_ros360_cpp) StdoutLine: {'line': b'\x1b[35m\x1b[1mConsolidate compiler generated dependencies of target helloworld\x1b[0m\n'}
[0.195400] (-) TimerEvent: {}
[0.244989] (kmf3_ros360_cpp) StdoutLine: {'line': b'[ 14%] Built target helloworld\n'}
[0.272838] (kmf3_ros360_cpp) StdoutLine: {'line': b'\x1b[35m\x1b[1mConsolidate compiler generated dependencies of target lidarSub\x1b[0m\n'}
[0.295699] (-) TimerEvent: {}
[0.345487] (kmf3_ros360_cpp) StdoutLine: {'line': b'[ 28%] Built target lidarSub\n'}
[0.374980] (kmf3_ros360_cpp) StdoutLine: {'line': b'\x1b[35m\x1b[1mConsolidate compiler generated dependencies of target randomRobot\x1b[0m\n'}
[0.396155] (-) TimerEvent: {}
[0.432897] (kmf3_ros360_cpp) StdoutLine: {'line': b'[ 42%] Built target randomRobot\n'}
[0.465591] (kmf3_ros360_cpp) StdoutLine: {'line': b'\x1b[35m\x1b[1mConsolidate compiler generated dependencies of target templatePubSub\x1b[0m\n'}
[0.496419] (-) TimerEvent: {}
[0.528678] (kmf3_ros360_cpp) StdoutLine: {'line': b'[ 57%] Built target templatePubSub\n'}
[0.561385] (kmf3_ros360_cpp) StdoutLine: {'line': b'\x1b[35m\x1b[1mConsolidate compiler generated dependencies of target worksheet3\x1b[0m\n'}
[0.596507] (-) TimerEvent: {}
[0.623477] (kmf3_ros360_cpp) StdoutLine: {'line': b'[ 71%] Built target worksheet3\n'}
[0.654891] (kmf3_ros360_cpp) StdoutLine: {'line': b'\x1b[35m\x1b[1mConsolidate compiler generated dependencies of target exampleSubscriber\x1b[0m\n'}
[0.697174] (-) TimerEvent: {}
[0.717875] (kmf3_ros360_cpp) StdoutLine: {'line': b'[ 85%] Built target exampleSubscriber\n'}
[0.751209] (kmf3_ros360_cpp) StdoutLine: {'line': b'\x1b[35m\x1b[1mConsolidate compiler generated dependencies of target examplePublisher\x1b[0m\n'}
[0.797332] (-) TimerEvent: {}
[0.814652] (kmf3_ros360_cpp) StdoutLine: {'line': b'[100%] Built target examplePublisher\n'}
[0.878524] (kmf3_ros360_cpp) CommandEnded: {'returncode': 0}
[0.897710] (-) TimerEvent: {}
[0.989022] (kmf3_ros360_cpp) JobProgress: {'identifier': 'kmf3_ros360_cpp', 'progress': 'install'}
[0.997813] (-) TimerEvent: {}
[1.006690] (kmf3_ros360_cpp) Command: {'cmd': ['/usr/bin/cmake', '--install', '/impacs/kmf3/ros2_ws/src/kmf3_ros360_cpp/build/kmf3_ros360_cpp'], 'cwd': '/impacs/kmf3/ros2_ws/src/kmf3_ros360_cpp/build/kmf3_ros360_cpp', 'env': OrderedDict([('GAUSS_EXEDIR', '/opt/gaussian/g16/bsd:/opt/gaussian/g16'), ('PGI_TERM', 'trace,abort'), ('_DSM_BARRIER', 'SHM'), ('LANGUAGE', 'en_GB:en'), ('USER', 'kmf3'), ('GAUSS_LFLAGS2', '--LindaOptions -s 10000000'), ('G16BASIS', '/opt/gaussian/g16/basis'), ('XDG_SESSION_TYPE', 'wayland'), ('g16root', '/opt/gaussian'), ('SHLVL', '1'), ('LD_LIBRARY_PATH', '/opt/ros/humble/opt/rviz_ogre_vendor/lib:/opt/ros/humble/lib/x86_64-linux-gnu:/opt/ros/humble/lib:/opt/gaussian/g16/bsd:/opt/gaussian/g16:/opt/gaussian/gv/lib'), ('HOME', '/impacs/kmf3'), ('GAUSS_SRCDIR', '/tmp/gaussian-kmf3'), ('OLDPWD', '/impacs/kmf3/ros2_ws/src'), ('DESKTOP_SESSION', 'ubuntu'), ('PERLLIB', '/opt/gaussian/gauopen:/opt/gaussian/g16/bsd:/opt/gaussian/g16'), ('ROS_PYTHON_VERSION', '3'), ('GNOME_SHELL_SESSION_MODE', 'ubuntu'), ('GTK_MODULES', 'gail:atk-bridge'), ('ANACONDA_DEFAULT_ENV', 'teaching'), ('SYSTEMD_EXEC_PID', '162048'), ('DBUS_SESSION_BUS_ADDRESS', 'unix:path=/run/user/25423/bus'), ('COLORTERM', 'truecolor'), ('GV_DIR', '/opt/gaussian/gv'), ('_colcon_cd_root', '/opt/ros/humble/'), ('IM_CONFIG_PHASE', '1'), ('WAYLAND_DISPLAY', 'wayland-0'), ('COLCON_PREFIX_PATH', '/impacs/kmf3/ros2_ws/install'), ('ROS_DISTRO', 'humble'), ('LOGNAME', 'kmf3'), ('_', '/usr/bin/colcon'), ('ROS_VERSION', '2'), ('XDG_SESSION_CLASS', 'user'), ('USERNAME', 'kmf3'), ('TERM', 'xterm-256color'), ('GNOME_DESKTOP_SESSION_ID', 'this-is-deprecated'), ('ROS_LOCALHOST_ONLY', '1'), ('PATH', '/opt/ros/humble/bin:/usr/local/sbin:/usr/local/bin:/usr/sbin:/usr/bin:/sbin:/bin:/usr/games:/usr/local/games:/snap/bin:/snap/bin:/impacs/kmf3/.dotnet/tools:/opt/gaussian/gauopen:/opt/gaussian/g16/bsd:/opt/gaussian/g16:/opt/microchip/xc16/bin'), ('SESSION_MANAGER', 'local/mpct-llb57-21:@/tmp/.ICE-unix/151712,unix/mpct-llb57-21:/tmp/.ICE-unix/151712'), ('GAUSS_ARCHDIR', '/opt/gaussian/g16/arch'), ('XDG_MENU_PREFIX', 'gnome-'), ('GNOME_TERMINAL_SCREEN', '/org/gnome/Terminal/screen/62a95f3b_4594_4c86_a6e7_24c6dbda22d6'), ('GNOME_SETUP_DISPLAY', ':9'), ('XDG_RUNTIME_DIR', '/run/user/25423'), ('DISPLAY', ':8'), ('LANG', 'en_GB.UTF-8'), ('XDG_CURRENT_DESKTOP', 'ubuntu:GNOME'), ('XMODIFIERS', '@im=ibus'), ('XDG_SESSION_DESKTOP', 'ubuntu'), ('XAUTHORITY', '/run/user/25423/.mutter-Xwaylandauth.ACSYW2'), ('GNOME_TERMINAL_SERVICE', ':1.189'), ('SSH_AGENT_LAUNCHER', 'gnome-keyring'), ('SSH_AUTH_SOCK', '/run/user/25423/keyring/ssh'), ('AMENT_PREFIX_PATH', '/impacs/kmf3/ros2_ws/install/ros360_gz:/impacs/kmf3/ros2_ws/install/kmf3_ros360_cpp:/opt/ros/humble'), ('SHELL', '/bin/bash'), ('KRB5CCNAME', 'FILE:/tmp/krb5cc_25423_mTXtmu'), ('QT_ACCESSIBILITY', '1'), ('GDMSESSION', 'ubuntu'), ('GAUSS_BSDDIR', '/opt/gaussian/g16/bsd'), ('QT_IM_MODULE', 'ibus'), ('PWD', '/impacs/kmf3/ros2_ws/src/kmf3_ros360_cpp/build/kmf3_ros360_cpp'), ('XDG_CONFIG_DIRS', '/etc/xdg/xdg-ubuntu:/etc/xdg'), ('XDG_DATA_DIRS', '/usr/share/ubuntu:/usr/local/share/:/usr/share/:/var/lib/snapd/desktop'), ('PYTHONPATH', '/opt/ros/humble/lib/python3.10/site-packages:/opt/ros/humble/local/lib/python3.10/dist-packages:/opt/gaussian/gauopen:/opt/gaussian/g16/bsd:/opt/gaussian/g16'), ('COLCON', '1'), ('VTE_VERSION', '6800'), ('GAUSS_LEXEDIR', '/opt/gaussian/g16/linda-exe'), ('CMAKE_PREFIX_PATH', '/impacs/kmf3/ros2_ws/install/ros360_gz:/impacs/kmf3/ros2_ws/install/kmf3_ros360_cpp:/opt/ros/humble')]), 'shell': False}
[1.032378] (kmf3_ros360_cpp) StdoutLine: {'line': b'-- Install configuration: ""\n'}
[1.038000] (kmf3_ros360_cpp) StdoutLine: {'line': b'-- Up-to-date: /impacs/kmf3/ros2_ws/src/kmf3_ros360_cpp/install/kmf3_ros360_cpp/lib/kmf3_ros360_cpp/helloworld\n'}
[1.047683] (kmf3_ros360_cpp) StdoutLine: {'line': b'-- Up-to-date: /impacs/kmf3/ros2_ws/src/kmf3_ros360_cpp/install/kmf3_ros360_cpp/lib/kmf3_ros360_cpp/examplePublisher\n'}
[1.060827] (kmf3_ros360_cpp) StdoutLine: {'line': b'-- Up-to-date: /impacs/kmf3/ros2_ws/src/kmf3_ros360_cpp/install/kmf3_ros360_cpp/lib/kmf3_ros360_cpp/exampleSubscriber\n'}
[1.072365] (kmf3_ros360_cpp) StdoutLine: {'line': b'-- Up-to-date: /impacs/kmf3/ros2_ws/src/kmf3_ros360_cpp/install/kmf3_ros360_cpp/lib/kmf3_ros360_cpp/lidarSub\n'}
[1.097912] (-) TimerEvent: {}
[1.099657] (kmf3_ros360_cpp) StdoutLine: {'line': b'-- Up-to-date: /impacs/kmf3/ros2_ws/src/kmf3_ros360_cpp/install/kmf3_ros360_cpp/lib/kmf3_ros360_cpp/randomRobot\n'}
[1.108514] (kmf3_ros360_cpp) StdoutLine: {'line': b'-- Up-to-date: /impacs/kmf3/ros2_ws/src/kmf3_ros360_cpp/install/kmf3_ros360_cpp/lib/kmf3_ros360_cpp/templatePubSub\n'}
[1.120108] (kmf3_ros360_cpp) StdoutLine: {'line': b'-- Up-to-date: /impacs/kmf3/ros2_ws/src/kmf3_ros360_cpp/install/kmf3_ros360_cpp/lib/kmf3_ros360_cpp/worksheet3\n'}
[1.132318] (kmf3_ros360_cpp) StdoutLine: {'line': b'-- Up-to-date: /impacs/kmf3/ros2_ws/src/kmf3_ros360_cpp/install/kmf3_ros360_cpp/share/kmf3_ros360_cpp//launch\n'}
[1.139331] (kmf3_ros360_cpp) StdoutLine: {'line': b'-- Up-to-date: /impacs/kmf3/ros2_ws/src/kmf3_ros360_cpp/install/kmf3_ros360_cpp/share/kmf3_ros360_cpp//launch/husky.launch.py\n'}
[1.140641] (kmf3_ros360_cpp) StdoutLine: {'line': b'-- Up-to-date: /impacs/kmf3/ros2_ws/src/kmf3_ros360_cpp/install/kmf3_ros360_cpp/share/kmf3_ros360_cpp//config\n'}
[1.143423] (kmf3_ros360_cpp) StdoutLine: {'line': b'-- Up-to-date: /impacs/kmf3/ros2_ws/src/kmf3_ros360_cpp/install/kmf3_ros360_cpp/share/kmf3_ros360_cpp//config/husky_rviz.config.rviz\n'}
[1.146704] (kmf3_ros360_cpp) StdoutLine: {'line': b'-- Up-to-date: /impacs/kmf3/ros2_ws/src/kmf3_ros360_cpp/install/kmf3_ros360_cpp/lib/kmf3_ros360_cpp/helloworld\n'}
[1.150640] (kmf3_ros360_cpp) StdoutLine: {'line': b'-- Up-to-date: /impacs/kmf3/ros2_ws/src/kmf3_ros360_cpp/install/kmf3_ros360_cpp/share/ament_index/resource_index/package_run_dependencies/kmf3_ros360_cpp\n'}
[1.152588] (kmf3_ros360_cpp) StdoutLine: {'line': b'-- Up-to-date: /impacs/kmf3/ros2_ws/src/kmf3_ros360_cpp/install/kmf3_ros360_cpp/share/ament_index/resource_index/parent_prefix_path/kmf3_ros360_cpp\n'}
[1.154821] (kmf3_ros360_cpp) StdoutLine: {'line': b'-- Up-to-date: /impacs/kmf3/ros2_ws/src/kmf3_ros360_cpp/install/kmf3_ros360_cpp/share/kmf3_ros360_cpp/environment/ament_prefix_path.sh\n'}
[1.157486] (kmf3_ros360_cpp) StdoutLine: {'line': b'-- Up-to-date: /impacs/kmf3/ros2_ws/src/kmf3_ros360_cpp/install/kmf3_ros360_cpp/share/kmf3_ros360_cpp/environment/ament_prefix_path.dsv\n'}
[1.159396] (kmf3_ros360_cpp) StdoutLine: {'line': b'-- Up-to-date: /impacs/kmf3/ros2_ws/src/kmf3_ros360_cpp/install/kmf3_ros360_cpp/share/kmf3_ros360_cpp/environment/path.sh\n'}
[1.161243] (kmf3_ros360_cpp) StdoutLine: {'line': b'-- Up-to-date: /impacs/kmf3/ros2_ws/src/kmf3_ros360_cpp/install/kmf3_ros360_cpp/share/kmf3_ros360_cpp/environment/path.dsv\n'}
[1.163037] (kmf3_ros360_cpp) StdoutLine: {'line': b'-- Up-to-date: /impacs/kmf3/ros2_ws/src/kmf3_ros360_cpp/install/kmf3_ros360_cpp/share/kmf3_ros360_cpp/local_setup.bash\n'}
[1.164980] (kmf3_ros360_cpp) StdoutLine: {'line': b'-- Up-to-date: /impacs/kmf3/ros2_ws/src/kmf3_ros360_cpp/install/kmf3_ros360_cpp/share/kmf3_ros360_cpp/local_setup.sh\n'}
[1.166383] (kmf3_ros360_cpp) StdoutLine: {'line': b'-- Up-to-date: /impacs/kmf3/ros2_ws/src/kmf3_ros360_cpp/install/kmf3_ros360_cpp/share/kmf3_ros360_cpp/local_setup.zsh\n'}
[1.168916] (kmf3_ros360_cpp) StdoutLine: {'line': b'-- Up-to-date: /impacs/kmf3/ros2_ws/src/kmf3_ros360_cpp/install/kmf3_ros360_cpp/share/kmf3_ros360_cpp/local_setup.dsv\n'}
[1.172531] (kmf3_ros360_cpp) StdoutLine: {'line': b'-- Installing: /impacs/kmf3/ros2_ws/src/kmf3_ros360_cpp/install/kmf3_ros360_cpp/share/kmf3_ros360_cpp/package.dsv\n'}
[1.191842] (kmf3_ros360_cpp) StdoutLine: {'line': b'-- Up-to-date: /impacs/kmf3/ros2_ws/src/kmf3_ros360_cpp/install/kmf3_ros360_cpp/share/ament_index/resource_index/packages/kmf3_ros360_cpp\n'}
[1.198185] (kmf3_ros360_cpp) StdoutLine: {'line': b'-- Up-to-date: /impacs/kmf3/ros2_ws/src/kmf3_ros360_cpp/install/kmf3_ros360_cpp/share/kmf3_ros360_cpp/cmake/kmf3_ros360_cppConfig.cmake\n'}
[1.198347] (-) TimerEvent: {}
[1.198881] (kmf3_ros360_cpp) StdoutLine: {'line': b'-- Up-to-date: /impacs/kmf3/ros2_ws/src/kmf3_ros360_cpp/install/kmf3_ros360_cpp/share/kmf3_ros360_cpp/cmake/kmf3_ros360_cppConfig-version.cmake\n'}
[1.201156] (kmf3_ros360_cpp) StdoutLine: {'line': b'-- Up-to-date: /impacs/kmf3/ros2_ws/src/kmf3_ros360_cpp/install/kmf3_ros360_cpp/share/kmf3_ros360_cpp/package.xml\n'}
[1.210080] (kmf3_ros360_cpp) CommandEnded: {'returncode': 0}
[1.303398] (-) TimerEvent: {}
[1.403767] (-) TimerEvent: {}
[1.454184] (kmf3_ros360_cpp) JobEnded: {'identifier': 'kmf3_ros360_cpp', 'rc': 0}
[1.470045] (-) EventReactorShutdown: {}
