[0.065s] Invoking command in '/impacs/kmf3/ros2_ws/src/kmf3_ros360_cpp/build/kmf3_ros360_cpp': CMAKE_PREFIX_PATH=${CMAKE_PREFIX_PATH}:/opt/ros/humble /usr/bin/cmake --build /impacs/kmf3/ros2_ws/src/kmf3_ros360_cpp/build/kmf3_ros360_cpp -- -j4 -l4
[0.224s] [ 14%] Built target helloworld
[0.297s] [ 28%] Built target lidarSub
[0.375s] [ 42%] Built target randomRobot
[0.407s] [35m[1mConsolidate compiler generated dependencies of target templatePubSub[0m
[0.466s] [ 50%] [32mBuilding CXX object CMakeFiles/templatePubSub.dir/src/templatePubSub.cpp.o[0m
[14.104s] [ 57%] [32m[1mLinking CXX executable templatePubSub[0m
[14.970s] [ 57%] Built target templatePubSub
[15.050s] [ 71%] Built target worksheet3
[15.129s] [ 85%] Built target exampleSubscriber
[15.199s] [100%] Built target examplePublisher
[15.264s] Invoked command in '/impacs/kmf3/ros2_ws/src/kmf3_ros360_cpp/build/kmf3_ros360_cpp' returned '0': CMAKE_PREFIX_PATH=${CMAKE_PREFIX_PATH}:/opt/ros/humble /usr/bin/cmake --build /impacs/kmf3/ros2_ws/src/kmf3_ros360_cpp/build/kmf3_ros360_cpp -- -j4 -l4
[15.379s] Invoking command in '/impacs/kmf3/ros2_ws/src/kmf3_ros360_cpp/build/kmf3_ros360_cpp': CMAKE_PREFIX_PATH=${CMAKE_PREFIX_PATH}:/opt/ros/humble /usr/bin/cmake --install /impacs/kmf3/ros2_ws/src/kmf3_ros360_cpp/build/kmf3_ros360_cpp
[15.396s] -- Install configuration: ""
[15.405s] -- Up-to-date: /impacs/kmf3/ros2_ws/src/kmf3_ros360_cpp/install/kmf3_ros360_cpp/lib/kmf3_ros360_cpp/helloworld
[15.413s] -- Up-to-date: /impacs/kmf3/ros2_ws/src/kmf3_ros360_cpp/install/kmf3_ros360_cpp/lib/kmf3_ros360_cpp/examplePublisher
[15.428s] -- Up-to-date: /impacs/kmf3/ros2_ws/src/kmf3_ros360_cpp/install/kmf3_ros360_cpp/lib/kmf3_ros360_cpp/exampleSubscriber
[15.440s] -- Up-to-date: /impacs/kmf3/ros2_ws/src/kmf3_ros360_cpp/install/kmf3_ros360_cpp/lib/kmf3_ros360_cpp/lidarSub
[15.453s] -- Up-to-date: /impacs/kmf3/ros2_ws/src/kmf3_ros360_cpp/install/kmf3_ros360_cpp/lib/kmf3_ros360_cpp/randomRobot
[15.467s] -- Installing: /impacs/kmf3/ros2_ws/src/kmf3_ros360_cpp/install/kmf3_ros360_cpp/lib/kmf3_ros360_cpp/templatePubSub
[15.612s] -- Set runtime path of "/impacs/kmf3/ros2_ws/src/kmf3_ros360_cpp/install/kmf3_ros360_cpp/lib/kmf3_ros360_cpp/templatePubSub" to ""
[15.619s] -- Up-to-date: /impacs/kmf3/ros2_ws/src/kmf3_ros360_cpp/install/kmf3_ros360_cpp/lib/kmf3_ros360_cpp/worksheet3
[15.633s] -- Up-to-date: /impacs/kmf3/ros2_ws/src/kmf3_ros360_cpp/install/kmf3_ros360_cpp/share/kmf3_ros360_cpp//launch
[15.635s] -- Up-to-date: /impacs/kmf3/ros2_ws/src/kmf3_ros360_cpp/install/kmf3_ros360_cpp/share/kmf3_ros360_cpp//launch/husky.launch.py
[15.638s] -- Up-to-date: /impacs/kmf3/ros2_ws/src/kmf3_ros360_cpp/install/kmf3_ros360_cpp/share/kmf3_ros360_cpp//config
[15.641s] -- Up-to-date: /impacs/kmf3/ros2_ws/src/kmf3_ros360_cpp/install/kmf3_ros360_cpp/share/kmf3_ros360_cpp//config/husky_rviz.config.rviz
[15.645s] -- Up-to-date: /impacs/kmf3/ros2_ws/src/kmf3_ros360_cpp/install/kmf3_ros360_cpp/lib/kmf3_ros360_cpp/helloworld
[15.650s] -- Up-to-date: /impacs/kmf3/ros2_ws/src/kmf3_ros360_cpp/install/kmf3_ros360_cpp/share/ament_index/resource_index/package_run_dependencies/kmf3_ros360_cpp
[15.652s] -- Up-to-date: /impacs/kmf3/ros2_ws/src/kmf3_ros360_cpp/install/kmf3_ros360_cpp/share/ament_index/resource_index/parent_prefix_path/kmf3_ros360_cpp
[15.655s] -- Up-to-date: /impacs/kmf3/ros2_ws/src/kmf3_ros360_cpp/install/kmf3_ros360_cpp/share/kmf3_ros360_cpp/environment/ament_prefix_path.sh
[15.658s] -- Up-to-date: /impacs/kmf3/ros2_ws/src/kmf3_ros360_cpp/install/kmf3_ros360_cpp/share/kmf3_ros360_cpp/environment/ament_prefix_path.dsv
[15.660s] -- Up-to-date: /impacs/kmf3/ros2_ws/src/kmf3_ros360_cpp/install/kmf3_ros360_cpp/share/kmf3_ros360_cpp/environment/path.sh
[15.662s] -- Up-to-date: /impacs/kmf3/ros2_ws/src/kmf3_ros360_cpp/install/kmf3_ros360_cpp/share/kmf3_ros360_cpp/environment/path.dsv
[15.664s] -- Up-to-date: /impacs/kmf3/ros2_ws/src/kmf3_ros360_cpp/install/kmf3_ros360_cpp/share/kmf3_ros360_cpp/local_setup.bash
[15.666s] -- Up-to-date: /impacs/kmf3/ros2_ws/src/kmf3_ros360_cpp/install/kmf3_ros360_cpp/share/kmf3_ros360_cpp/local_setup.sh
[15.668s] -- Up-to-date: /impacs/kmf3/ros2_ws/src/kmf3_ros360_cpp/install/kmf3_ros360_cpp/share/kmf3_ros360_cpp/local_setup.zsh
[15.670s] -- Up-to-date: /impacs/kmf3/ros2_ws/src/kmf3_ros360_cpp/install/kmf3_ros360_cpp/share/kmf3_ros360_cpp/local_setup.dsv
[15.673s] -- Installing: /impacs/kmf3/ros2_ws/src/kmf3_ros360_cpp/install/kmf3_ros360_cpp/share/kmf3_ros360_cpp/package.dsv
[15.688s] -- Up-to-date: /impacs/kmf3/ros2_ws/src/kmf3_ros360_cpp/install/kmf3_ros360_cpp/share/ament_index/resource_index/packages/kmf3_ros360_cpp
[15.691s] -- Up-to-date: /impacs/kmf3/ros2_ws/src/kmf3_ros360_cpp/install/kmf3_ros360_cpp/share/kmf3_ros360_cpp/cmake/kmf3_ros360_cppConfig.cmake
[15.692s] -- Up-to-date: /impacs/kmf3/ros2_ws/src/kmf3_ros360_cpp/install/kmf3_ros360_cpp/share/kmf3_ros360_cpp/cmake/kmf3_ros360_cppConfig-version.cmake
[15.694s] -- Up-to-date: /impacs/kmf3/ros2_ws/src/kmf3_ros360_cpp/install/kmf3_ros360_cpp/share/kmf3_ros360_cpp/package.xml
[15.702s] Invoked command in '/impacs/kmf3/ros2_ws/src/kmf3_ros360_cpp/build/kmf3_ros360_cpp' returned '0': CMAKE_PREFIX_PATH=${CMAKE_PREFIX_PATH}:/opt/ros/humble /usr/bin/cmake --install /impacs/kmf3/ros2_ws/src/kmf3_ros360_cpp/build/kmf3_ros360_cpp
