[0.211s] DEBUG:colcon:Command line arguments: ['/usr/bin/colcon', 'build']
[0.211s] DEBUG:colcon:Parsed command line arguments: Namespace(log_base=None, log_level=None, verb_name='build', build_base='build', install_base='install', merge_install=False, symlink_install=False, test_result_base=None, continue_on_error=False, executor='parallel', parallel_workers=4, event_handlers=None, ignore_user_meta=False, metas=['./colcon.meta'], base_paths=['.'], packages_ignore=None, packages_ignore_regex=None, paths=None, packages_up_to=None, packages_up_to_regex=None, packages_above=None, packages_above_and_dependencies=None, packages_above_depth=None, packages_select_by_dep=None, packages_skip_by_dep=None, packages_skip_up_to=None, packages_select_build_failed=False, packages_skip_build_finished=False, packages_select_test_failures=False, packages_skip_test_passed=False, packages_select=None, packages_skip=None, packages_select_regex=None, packages_skip_regex=None, packages_start=None, packages_end=None, allow_overriding=[], cmake_args=None, cmake_target=None, cmake_target_skip_unavailable=False, cmake_clean_cache=False, cmake_clean_first=False, cmake_force_configure=False, ament_cmake_args=None, catkin_cmake_args=None, catkin_skip_building_tests=False, mixin_files=None, mixin=None, verb_parser=<colcon_mixin.mixin.mixin_argument.MixinArgumentDecorator object at 0x7d79ca65fa60>, verb_extension=<colcon_core.verb.build.BuildVerb object at 0x7d79ca7dbcd0>, main=<bound method BuildVerb.main of <colcon_core.verb.build.BuildVerb object at 0x7d79ca7dbcd0>>, mixin_verb=('build',))
[0.514s] Level 1:colcon.colcon_core.package_discovery:discover_packages(colcon_meta) check parameters
[0.514s] Level 1:colcon.colcon_core.package_discovery:discover_packages(recursive) check parameters
[0.514s] Level 1:colcon.colcon_core.package_discovery:discover_packages(ignore) check parameters
[0.514s] Level 1:colcon.colcon_core.package_discovery:discover_packages(path) check parameters
[0.514s] Level 1:colcon.colcon_core.package_discovery:discover_packages(colcon_meta) discover
[0.514s] Level 1:colcon.colcon_core.package_discovery:discover_packages(recursive) discover
[0.514s] INFO:colcon.colcon_core.package_discovery:Crawling recursively for packages in '/impacs/kmf3/ros2_ws/src/kmf3_ros360_cpp'
[0.516s] Level 1:colcon.colcon_core.package_identification:_identify(.) by extensions ['ignore', 'ignore_ament_install']
[0.516s] Level 1:colcon.colcon_core.package_identification:_identify(.) by extension 'ignore'
[0.516s] Level 1:colcon.colcon_core.package_identification:_identify(.) by extension 'ignore_ament_install'
[0.516s] Level 1:colcon.colcon_core.package_identification:_identify(.) by extensions ['colcon_pkg']
[0.516s] Level 1:colcon.colcon_core.package_identification:_identify(.) by extension 'colcon_pkg'
[0.516s] Level 1:colcon.colcon_core.package_identification:_identify(.) by extensions ['colcon_meta']
[0.516s] Level 1:colcon.colcon_core.package_identification:_identify(.) by extension 'colcon_meta'
[0.516s] Level 1:colcon.colcon_core.package_identification:_identify(.) by extensions ['ros']
[0.516s] Level 1:colcon.colcon_core.package_identification:_identify(.) by extension 'ros'
[0.537s] DEBUG:colcon.colcon_core.package_identification:Package '.' with type 'ros.ament_cmake' and name 'kmf3_ros360_cpp'
[0.537s] Level 1:colcon.colcon_core.package_discovery:discover_packages(recursive) using defaults
[0.537s] Level 1:colcon.colcon_core.package_discovery:discover_packages(ignore) discover
[0.537s] Level 1:colcon.colcon_core.package_discovery:discover_packages(ignore) using defaults
[0.537s] Level 1:colcon.colcon_core.package_discovery:discover_packages(path) discover
[0.537s] Level 1:colcon.colcon_core.package_discovery:discover_packages(path) using defaults
[0.577s] Level 1:colcon.colcon_core.package_discovery:discover_packages(prefix_path) check parameters
[0.578s] Level 1:colcon.colcon_core.package_discovery:discover_packages(prefix_path) discover
[0.596s] DEBUG:colcon.colcon_installed_package_information.package_discovery:Found 2 installed packages in /impacs/kmf3/ros2_ws/install
[0.600s] DEBUG:colcon.colcon_installed_package_information.package_discovery:Found 502 installed packages in /opt/ros/humble
[0.603s] Level 1:colcon.colcon_core.package_discovery:discover_packages(prefix_path) using defaults
[0.702s] Level 5:colcon.colcon_core.verb:set package 'kmf3_ros360_cpp' build argument 'cmake_args' from command line to 'None'
[0.702s] Level 5:colcon.colcon_core.verb:set package 'kmf3_ros360_cpp' build argument 'cmake_target' from command line to 'None'
[0.702s] Level 5:colcon.colcon_core.verb:set package 'kmf3_ros360_cpp' build argument 'cmake_target_skip_unavailable' from command line to 'False'
[0.702s] Level 5:colcon.colcon_core.verb:set package 'kmf3_ros360_cpp' build argument 'cmake_clean_cache' from command line to 'False'
[0.702s] Level 5:colcon.colcon_core.verb:set package 'kmf3_ros360_cpp' build argument 'cmake_clean_first' from command line to 'False'
[0.702s] Level 5:colcon.colcon_core.verb:set package 'kmf3_ros360_cpp' build argument 'cmake_force_configure' from command line to 'False'
[0.702s] Level 5:colcon.colcon_core.verb:set package 'kmf3_ros360_cpp' build argument 'ament_cmake_args' from command line to 'None'
[0.702s] Level 5:colcon.colcon_core.verb:set package 'kmf3_ros360_cpp' build argument 'catkin_cmake_args' from command line to 'None'
[0.702s] Level 5:colcon.colcon_core.verb:set package 'kmf3_ros360_cpp' build argument 'catkin_skip_building_tests' from command line to 'False'
[0.702s] DEBUG:colcon.colcon_core.verb:Building package 'kmf3_ros360_cpp' with the following arguments: {'ament_cmake_args': None, 'build_base': '/impacs/kmf3/ros2_ws/src/kmf3_ros360_cpp/build/kmf3_ros360_cpp', 'catkin_cmake_args': None, 'catkin_skip_building_tests': False, 'cmake_args': None, 'cmake_clean_cache': False, 'cmake_clean_first': False, 'cmake_force_configure': False, 'cmake_target': None, 'cmake_target_skip_unavailable': False, 'install_base': '/impacs/kmf3/ros2_ws/src/kmf3_ros360_cpp/install/kmf3_ros360_cpp', 'merge_install': False, 'path': '/impacs/kmf3/ros2_ws/src/kmf3_ros360_cpp', 'symlink_install': False, 'test_result_base': None}
[0.704s] INFO:colcon.colcon_core.executor:Executing jobs using 'parallel' executor
[0.705s] DEBUG:colcon.colcon_parallel_executor.executor.parallel:run_until_complete
[0.706s] INFO:colcon.colcon_ros.task.ament_cmake.build:Building ROS package in '/impacs/kmf3/ros2_ws/src/kmf3_ros360_cpp' with build type 'ament_cmake'
[0.706s] INFO:colcon.colcon_cmake.task.cmake.build:Building CMake package in '/impacs/kmf3/ros2_ws/src/kmf3_ros360_cpp'
[0.711s] INFO:colcon.colcon_core.plugin_system:Skipping extension 'colcon_core.shell.bat': Not used on non-Windows systems
[0.712s] INFO:colcon.colcon_core.shell:Skip shell extension 'powershell' for command environment: Not usable outside of PowerShell
[0.712s] DEBUG:colcon.colcon_core.shell:Skip shell extension 'dsv' for command environment
[0.777s] DEBUG:colcon.colcon_core.event_handler.log_command:Invoking command in '/impacs/kmf3/ros2_ws/src/kmf3_ros360_cpp/build/kmf3_ros360_cpp': CMAKE_PREFIX_PATH=${CMAKE_PREFIX_PATH}:/opt/ros/humble /usr/bin/cmake --build /impacs/kmf3/ros2_ws/src/kmf3_ros360_cpp/build/kmf3_ros360_cpp -- -j4 -l4
[15.976s] DEBUG:colcon.colcon_core.event_handler.log_command:Invoked command in '/impacs/kmf3/ros2_ws/src/kmf3_ros360_cpp/build/kmf3_ros360_cpp' returned '0': CMAKE_PREFIX_PATH=${CMAKE_PREFIX_PATH}:/opt/ros/humble /usr/bin/cmake --build /impacs/kmf3/ros2_ws/src/kmf3_ros360_cpp/build/kmf3_ros360_cpp -- -j4 -l4
[16.091s] DEBUG:colcon.colcon_core.event_handler.log_command:Invoking command in '/impacs/kmf3/ros2_ws/src/kmf3_ros360_cpp/build/kmf3_ros360_cpp': CMAKE_PREFIX_PATH=${CMAKE_PREFIX_PATH}:/opt/ros/humble /usr/bin/cmake --install /impacs/kmf3/ros2_ws/src/kmf3_ros360_cpp/build/kmf3_ros360_cpp
[16.414s] Level 1:colcon.colcon_core.environment:create_environment_scripts_only(kmf3_ros360_cpp)
[16.414s] DEBUG:colcon.colcon_core.event_handler.log_command:Invoked command in '/impacs/kmf3/ros2_ws/src/kmf3_ros360_cpp/build/kmf3_ros360_cpp' returned '0': CMAKE_PREFIX_PATH=${CMAKE_PREFIX_PATH}:/opt/ros/humble /usr/bin/cmake --install /impacs/kmf3/ros2_ws/src/kmf3_ros360_cpp/build/kmf3_ros360_cpp
[16.416s] Level 1:colcon.colcon_core.environment:checking '/impacs/kmf3/ros2_ws/src/kmf3_ros360_cpp/install/kmf3_ros360_cpp' for CMake module files
[16.423s] Level 1:colcon.colcon_core.environment:checking '/impacs/kmf3/ros2_ws/src/kmf3_ros360_cpp/install/kmf3_ros360_cpp' for CMake config files
[16.431s] Level 1:colcon.colcon_core.shell:create_environment_hook('kmf3_ros360_cpp', 'cmake_prefix_path')
[16.431s] INFO:colcon.colcon_core.shell:Creating environment hook '/impacs/kmf3/ros2_ws/src/kmf3_ros360_cpp/install/kmf3_ros360_cpp/share/kmf3_ros360_cpp/hook/cmake_prefix_path.ps1'
[16.436s] INFO:colcon.colcon_core.shell:Creating environment descriptor '/impacs/kmf3/ros2_ws/src/kmf3_ros360_cpp/install/kmf3_ros360_cpp/share/kmf3_ros360_cpp/hook/cmake_prefix_path.dsv'
[16.442s] INFO:colcon.colcon_core.shell:Creating environment hook '/impacs/kmf3/ros2_ws/src/kmf3_ros360_cpp/install/kmf3_ros360_cpp/share/kmf3_ros360_cpp/hook/cmake_prefix_path.sh'
[16.451s] Level 1:colcon.colcon_core.environment:checking '/impacs/kmf3/ros2_ws/src/kmf3_ros360_cpp/install/kmf3_ros360_cpp/lib'
[16.451s] Level 1:colcon.colcon_core.environment:checking '/impacs/kmf3/ros2_ws/src/kmf3_ros360_cpp/install/kmf3_ros360_cpp/bin'
[16.451s] Level 1:colcon.colcon_core.environment:checking '/impacs/kmf3/ros2_ws/src/kmf3_ros360_cpp/install/kmf3_ros360_cpp/lib/pkgconfig/kmf3_ros360_cpp.pc'
[16.452s] Level 1:colcon.colcon_core.environment:checking '/impacs/kmf3/ros2_ws/src/kmf3_ros360_cpp/install/kmf3_ros360_cpp/lib/python3.10/site-packages'
[16.452s] Level 1:colcon.colcon_core.environment:checking '/impacs/kmf3/ros2_ws/src/kmf3_ros360_cpp/install/kmf3_ros360_cpp/bin'
[16.452s] INFO:colcon.colcon_core.shell:Creating package script '/impacs/kmf3/ros2_ws/src/kmf3_ros360_cpp/install/kmf3_ros360_cpp/share/kmf3_ros360_cpp/package.ps1'
[16.457s] INFO:colcon.colcon_core.shell:Creating package descriptor '/impacs/kmf3/ros2_ws/src/kmf3_ros360_cpp/install/kmf3_ros360_cpp/share/kmf3_ros360_cpp/package.dsv'
[16.465s] INFO:colcon.colcon_core.shell:Creating package script '/impacs/kmf3/ros2_ws/src/kmf3_ros360_cpp/install/kmf3_ros360_cpp/share/kmf3_ros360_cpp/package.sh'
[16.475s] INFO:colcon.colcon_core.shell:Creating package script '/impacs/kmf3/ros2_ws/src/kmf3_ros360_cpp/install/kmf3_ros360_cpp/share/kmf3_ros360_cpp/package.bash'
[16.481s] INFO:colcon.colcon_core.shell:Creating package script '/impacs/kmf3/ros2_ws/src/kmf3_ros360_cpp/install/kmf3_ros360_cpp/share/kmf3_ros360_cpp/package.zsh'
[16.487s] Level 1:colcon.colcon_core.environment:create_file_with_runtime_dependencies(/impacs/kmf3/ros2_ws/src/kmf3_ros360_cpp/install/kmf3_ros360_cpp/share/colcon-core/packages/kmf3_ros360_cpp)
[16.602s] Level 1:colcon.colcon_core.environment:create_environment_scripts_only(kmf3_ros360_cpp)
[16.602s] Level 1:colcon.colcon_core.environment:checking '/impacs/kmf3/ros2_ws/src/kmf3_ros360_cpp/install/kmf3_ros360_cpp' for CMake module files
[16.605s] Level 1:colcon.colcon_core.environment:checking '/impacs/kmf3/ros2_ws/src/kmf3_ros360_cpp/install/kmf3_ros360_cpp' for CMake config files
[16.612s] Level 1:colcon.colcon_core.shell:create_environment_hook('kmf3_ros360_cpp', 'cmake_prefix_path')
[16.612s] INFO:colcon.colcon_core.shell:Creating environment hook '/impacs/kmf3/ros2_ws/src/kmf3_ros360_cpp/install/kmf3_ros360_cpp/share/kmf3_ros360_cpp/hook/cmake_prefix_path.ps1'
[16.618s] INFO:colcon.colcon_core.shell:Creating environment descriptor '/impacs/kmf3/ros2_ws/src/kmf3_ros360_cpp/install/kmf3_ros360_cpp/share/kmf3_ros360_cpp/hook/cmake_prefix_path.dsv'
[16.624s] INFO:colcon.colcon_core.shell:Creating environment hook '/impacs/kmf3/ros2_ws/src/kmf3_ros360_cpp/install/kmf3_ros360_cpp/share/kmf3_ros360_cpp/hook/cmake_prefix_path.sh'
[16.632s] Level 1:colcon.colcon_core.environment:checking '/impacs/kmf3/ros2_ws/src/kmf3_ros360_cpp/install/kmf3_ros360_cpp/lib'
[16.633s] Level 1:colcon.colcon_core.environment:checking '/impacs/kmf3/ros2_ws/src/kmf3_ros360_cpp/install/kmf3_ros360_cpp/bin'
[16.633s] Level 1:colcon.colcon_core.environment:checking '/impacs/kmf3/ros2_ws/src/kmf3_ros360_cpp/install/kmf3_ros360_cpp/lib/pkgconfig/kmf3_ros360_cpp.pc'
[16.634s] Level 1:colcon.colcon_core.environment:checking '/impacs/kmf3/ros2_ws/src/kmf3_ros360_cpp/install/kmf3_ros360_cpp/lib/python3.10/site-packages'
[16.634s] Level 1:colcon.colcon_core.environment:checking '/impacs/kmf3/ros2_ws/src/kmf3_ros360_cpp/install/kmf3_ros360_cpp/bin'
[16.635s] INFO:colcon.colcon_core.shell:Creating package script '/impacs/kmf3/ros2_ws/src/kmf3_ros360_cpp/install/kmf3_ros360_cpp/share/kmf3_ros360_cpp/package.ps1'
[16.640s] INFO:colcon.colcon_core.shell:Creating package descriptor '/impacs/kmf3/ros2_ws/src/kmf3_ros360_cpp/install/kmf3_ros360_cpp/share/kmf3_ros360_cpp/package.dsv'
[16.649s] INFO:colcon.colcon_core.shell:Creating package script '/impacs/kmf3/ros2_ws/src/kmf3_ros360_cpp/install/kmf3_ros360_cpp/share/kmf3_ros360_cpp/package.sh'
[16.656s] INFO:colcon.colcon_core.shell:Creating package script '/impacs/kmf3/ros2_ws/src/kmf3_ros360_cpp/install/kmf3_ros360_cpp/share/kmf3_ros360_cpp/package.bash'
[16.661s] INFO:colcon.colcon_core.shell:Creating package script '/impacs/kmf3/ros2_ws/src/kmf3_ros360_cpp/install/kmf3_ros360_cpp/share/kmf3_ros360_cpp/package.zsh'
[16.666s] Level 1:colcon.colcon_core.environment:create_file_with_runtime_dependencies(/impacs/kmf3/ros2_ws/src/kmf3_ros360_cpp/install/kmf3_ros360_cpp/share/colcon-core/packages/kmf3_ros360_cpp)
[16.670s] DEBUG:colcon.colcon_parallel_executor.executor.parallel:closing loop
[16.670s] DEBUG:colcon.colcon_parallel_executor.executor.parallel:loop closed
[16.670s] DEBUG:colcon.colcon_parallel_executor.executor.parallel:run_until_complete finished with '0'
[16.671s] DEBUG:colcon.colcon_core.event_reactor:joining thread
[16.692s] INFO:colcon.colcon_core.plugin_system:Skipping extension 'colcon_notification.desktop_notification.terminal_notifier': Not used on non-Darwin systems
[16.692s] INFO:colcon.colcon_core.plugin_system:Skipping extension 'colcon_notification.desktop_notification.win32': Not used on non-Windows systems
[16.692s] INFO:colcon.colcon_notification.desktop_notification:Sending desktop notification using 'notify2'
[16.718s] DEBUG:colcon.colcon_core.event_reactor:joined thread
[16.719s] INFO:colcon.colcon_core.shell:Creating prefix script '/impacs/kmf3/ros2_ws/src/kmf3_ros360_cpp/install/local_setup.ps1'
[16.728s] INFO:colcon.colcon_core.shell:Creating prefix util module '/impacs/kmf3/ros2_ws/src/kmf3_ros360_cpp/install/_local_setup_util_ps1.py'
[16.736s] INFO:colcon.colcon_core.shell:Creating prefix chain script '/impacs/kmf3/ros2_ws/src/kmf3_ros360_cpp/install/setup.ps1'
[16.746s] INFO:colcon.colcon_core.shell:Creating prefix script '/impacs/kmf3/ros2_ws/src/kmf3_ros360_cpp/install/local_setup.sh'
[16.752s] INFO:colcon.colcon_core.shell:Creating prefix util module '/impacs/kmf3/ros2_ws/src/kmf3_ros360_cpp/install/_local_setup_util_sh.py'
[16.760s] INFO:colcon.colcon_core.shell:Creating prefix chain script '/impacs/kmf3/ros2_ws/src/kmf3_ros360_cpp/install/setup.sh'
[16.768s] INFO:colcon.colcon_core.shell:Creating prefix script '/impacs/kmf3/ros2_ws/src/kmf3_ros360_cpp/install/local_setup.bash'
[16.773s] INFO:colcon.colcon_core.shell:Creating prefix chain script '/impacs/kmf3/ros2_ws/src/kmf3_ros360_cpp/install/setup.bash'
[16.781s] INFO:colcon.colcon_core.shell:Creating prefix script '/impacs/kmf3/ros2_ws/src/kmf3_ros360_cpp/install/local_setup.zsh'
[16.788s] INFO:colcon.colcon_core.shell:Creating prefix chain script '/impacs/kmf3/ros2_ws/src/kmf3_ros360_cpp/install/setup.zsh'
