[0.179s] DEBUG:colcon:Command line arguments: ['/usr/bin/colcon', 'build']
[0.179s] DEBUG:colcon:Parsed command line arguments: Namespace(log_base=None, log_level=None, verb_name='build', build_base='build', install_base='install', merge_install=False, symlink_install=False, test_result_base=None, continue_on_error=False, executor='parallel', parallel_workers=4, event_handlers=None, ignore_user_meta=False, metas=['./colcon.meta'], base_paths=['.'], packages_ignore=None, packages_ignore_regex=None, paths=None, packages_up_to=None, packages_up_to_regex=None, packages_above=None, packages_above_and_dependencies=None, packages_above_depth=None, packages_select_by_dep=None, packages_skip_by_dep=None, packages_skip_up_to=None, packages_select_build_failed=False, packages_skip_build_finished=False, packages_select_test_failures=False, packages_skip_test_passed=False, packages_select=None, packages_skip=None, packages_select_regex=None, packages_skip_regex=None, packages_start=None, packages_end=None, allow_overriding=[], cmake_args=None, cmake_target=None, cmake_target_skip_unavailable=False, cmake_clean_cache=False, cmake_clean_first=False, cmake_force_configure=False, ament_cmake_args=None, catkin_cmake_args=None, catkin_skip_building_tests=False, mixin_files=None, mixin=None, verb_parser=<colcon_mixin.mixin.mixin_argument.MixinArgumentDecorator object at 0x75b5a1b63a60>, verb_extension=<colcon_core.verb.build.BuildVerb object at 0x75b5a1cdfcd0>, main=<bound method BuildVerb.main of <colcon_core.verb.build.BuildVerb object at 0x75b5a1cdfcd0>>, mixin_verb=('build',))
[0.461s] Level 1:colcon.colcon_core.package_discovery:discover_packages(colcon_meta) check parameters
[0.461s] Level 1:colcon.colcon_core.package_discovery:discover_packages(recursive) check parameters
[0.461s] Level 1:colcon.colcon_core.package_discovery:discover_packages(ignore) check parameters
[0.461s] Level 1:colcon.colcon_core.package_discovery:discover_packages(path) check parameters
[0.461s] Level 1:colcon.colcon_core.package_discovery:discover_packages(colcon_meta) discover
[0.461s] Level 1:colcon.colcon_core.package_discovery:discover_packages(recursive) discover
[0.461s] INFO:colcon.colcon_core.package_discovery:Crawling recursively for packages in '/impacs/kmf3/ros2_ws/src/kmf3_ros360_cpp'
[0.462s] Level 1:colcon.colcon_core.package_identification:_identify(.) by extensions ['ignore', 'ignore_ament_install']
[0.462s] Level 1:colcon.colcon_core.package_identification:_identify(.) by extension 'ignore'
[0.462s] Level 1:colcon.colcon_core.package_identification:_identify(.) by extension 'ignore_ament_install'
[0.462s] Level 1:colcon.colcon_core.package_identification:_identify(.) by extensions ['colcon_pkg']
[0.462s] Level 1:colcon.colcon_core.package_identification:_identify(.) by extension 'colcon_pkg'
[0.462s] Level 1:colcon.colcon_core.package_identification:_identify(.) by extensions ['colcon_meta']
[0.462s] Level 1:colcon.colcon_core.package_identification:_identify(.) by extension 'colcon_meta'
[0.462s] Level 1:colcon.colcon_core.package_identification:_identify(.) by extensions ['ros']
[0.462s] Level 1:colcon.colcon_core.package_identification:_identify(.) by extension 'ros'
[0.487s] DEBUG:colcon.colcon_core.package_identification:Package '.' with type 'ros.ament_cmake' and name 'kmf3_ros360_cpp'
[0.487s] Level 1:colcon.colcon_core.package_discovery:discover_packages(recursive) using defaults
[0.487s] Level 1:colcon.colcon_core.package_discovery:discover_packages(ignore) discover
[0.487s] Level 1:colcon.colcon_core.package_discovery:discover_packages(ignore) using defaults
[0.487s] Level 1:colcon.colcon_core.package_discovery:discover_packages(path) discover
[0.487s] Level 1:colcon.colcon_core.package_discovery:discover_packages(path) using defaults
[0.538s] Level 1:colcon.colcon_core.package_discovery:discover_packages(prefix_path) check parameters
[0.539s] Level 1:colcon.colcon_core.package_discovery:discover_packages(prefix_path) discover
[0.547s] DEBUG:colcon.colcon_installed_package_information.package_discovery:Found 2 installed packages in /impacs/kmf3/ros2_ws/install
[0.549s] DEBUG:colcon.colcon_installed_package_information.package_discovery:Found 502 installed packages in /opt/ros/humble
[0.553s] Level 1:colcon.colcon_core.package_discovery:discover_packages(prefix_path) using defaults
[0.648s] Level 5:colcon.colcon_core.verb:set package 'kmf3_ros360_cpp' build argument 'cmake_args' from command line to 'None'
[0.648s] Level 5:colcon.colcon_core.verb:set package 'kmf3_ros360_cpp' build argument 'cmake_target' from command line to 'None'
[0.648s] Level 5:colcon.colcon_core.verb:set package 'kmf3_ros360_cpp' build argument 'cmake_target_skip_unavailable' from command line to 'False'
[0.648s] Level 5:colcon.colcon_core.verb:set package 'kmf3_ros360_cpp' build argument 'cmake_clean_cache' from command line to 'False'
[0.648s] Level 5:colcon.colcon_core.verb:set package 'kmf3_ros360_cpp' build argument 'cmake_clean_first' from command line to 'False'
[0.648s] Level 5:colcon.colcon_core.verb:set package 'kmf3_ros360_cpp' build argument 'cmake_force_configure' from command line to 'False'
[0.648s] Level 5:colcon.colcon_core.verb:set package 'kmf3_ros360_cpp' build argument 'ament_cmake_args' from command line to 'None'
[0.648s] Level 5:colcon.colcon_core.verb:set package 'kmf3_ros360_cpp' build argument 'catkin_cmake_args' from command line to 'None'
[0.648s] Level 5:colcon.colcon_core.verb:set package 'kmf3_ros360_cpp' build argument 'catkin_skip_building_tests' from command line to 'False'
[0.648s] DEBUG:colcon.colcon_core.verb:Building package 'kmf3_ros360_cpp' with the following arguments: {'ament_cmake_args': None, 'build_base': '/impacs/kmf3/ros2_ws/src/kmf3_ros360_cpp/build/kmf3_ros360_cpp', 'catkin_cmake_args': None, 'catkin_skip_building_tests': False, 'cmake_args': None, 'cmake_clean_cache': False, 'cmake_clean_first': False, 'cmake_force_configure': False, 'cmake_target': None, 'cmake_target_skip_unavailable': False, 'install_base': '/impacs/kmf3/ros2_ws/src/kmf3_ros360_cpp/install/kmf3_ros360_cpp', 'merge_install': False, 'path': '/impacs/kmf3/ros2_ws/src/kmf3_ros360_cpp', 'symlink_install': False, 'test_result_base': None}
[0.649s] INFO:colcon.colcon_core.executor:Executing jobs using 'parallel' executor
[0.651s] DEBUG:colcon.colcon_parallel_executor.executor.parallel:run_until_complete
[0.652s] INFO:colcon.colcon_ros.task.ament_cmake.build:Building ROS package in '/impacs/kmf3/ros2_ws/src/kmf3_ros360_cpp' with build type 'ament_cmake'
[0.652s] INFO:colcon.colcon_cmake.task.cmake.build:Building CMake package in '/impacs/kmf3/ros2_ws/src/kmf3_ros360_cpp'
[0.655s] INFO:colcon.colcon_core.plugin_system:Skipping extension 'colcon_core.shell.bat': Not used on non-Windows systems
[0.655s] INFO:colcon.colcon_core.shell:Skip shell extension 'powershell' for command environment: Not usable outside of PowerShell
[0.655s] DEBUG:colcon.colcon_core.shell:Skip shell extension 'dsv' for command environment
[0.717s] DEBUG:colcon.colcon_core.event_handler.log_command:Invoking command in '/impacs/kmf3/ros2_ws/src/kmf3_ros360_cpp/build/kmf3_ros360_cpp': CMAKE_PREFIX_PATH=${CMAKE_PREFIX_PATH}:/opt/ros/humble /usr/bin/cmake --build /impacs/kmf3/ros2_ws/src/kmf3_ros360_cpp/build/kmf3_ros360_cpp -- -j4 -l4
[15.370s] DEBUG:colcon.colcon_core.event_handler.log_command:Invoked command in '/impacs/kmf3/ros2_ws/src/kmf3_ros360_cpp/build/kmf3_ros360_cpp' returned '0': CMAKE_PREFIX_PATH=${CMAKE_PREFIX_PATH}:/opt/ros/humble /usr/bin/cmake --build /impacs/kmf3/ros2_ws/src/kmf3_ros360_cpp/build/kmf3_ros360_cpp -- -j4 -l4
[15.502s] DEBUG:colcon.colcon_core.event_handler.log_command:Invoking command in '/impacs/kmf3/ros2_ws/src/kmf3_ros360_cpp/build/kmf3_ros360_cpp': CMAKE_PREFIX_PATH=${CMAKE_PREFIX_PATH}:/opt/ros/humble /usr/bin/cmake --install /impacs/kmf3/ros2_ws/src/kmf3_ros360_cpp/build/kmf3_ros360_cpp
[15.776s] Level 1:colcon.colcon_core.environment:create_environment_scripts_only(kmf3_ros360_cpp)
[15.777s] DEBUG:colcon.colcon_core.event_handler.log_command:Invoked command in '/impacs/kmf3/ros2_ws/src/kmf3_ros360_cpp/build/kmf3_ros360_cpp' returned '0': CMAKE_PREFIX_PATH=${CMAKE_PREFIX_PATH}:/opt/ros/humble /usr/bin/cmake --install /impacs/kmf3/ros2_ws/src/kmf3_ros360_cpp/build/kmf3_ros360_cpp
[15.779s] Level 1:colcon.colcon_core.environment:checking '/impacs/kmf3/ros2_ws/src/kmf3_ros360_cpp/install/kmf3_ros360_cpp' for CMake module files
[15.787s] Level 1:colcon.colcon_core.environment:checking '/impacs/kmf3/ros2_ws/src/kmf3_ros360_cpp/install/kmf3_ros360_cpp' for CMake config files
[15.793s] Level 1:colcon.colcon_core.shell:create_environment_hook('kmf3_ros360_cpp', 'cmake_prefix_path')
[15.794s] INFO:colcon.colcon_core.shell:Creating environment hook '/impacs/kmf3/ros2_ws/src/kmf3_ros360_cpp/install/kmf3_ros360_cpp/share/kmf3_ros360_cpp/hook/cmake_prefix_path.ps1'
[15.803s] INFO:colcon.colcon_core.shell:Creating environment descriptor '/impacs/kmf3/ros2_ws/src/kmf3_ros360_cpp/install/kmf3_ros360_cpp/share/kmf3_ros360_cpp/hook/cmake_prefix_path.dsv'
[15.809s] INFO:colcon.colcon_core.shell:Creating environment hook '/impacs/kmf3/ros2_ws/src/kmf3_ros360_cpp/install/kmf3_ros360_cpp/share/kmf3_ros360_cpp/hook/cmake_prefix_path.sh'
[15.823s] Level 1:colcon.colcon_core.environment:checking '/impacs/kmf3/ros2_ws/src/kmf3_ros360_cpp/install/kmf3_ros360_cpp/lib'
[15.824s] Level 1:colcon.colcon_core.environment:checking '/impacs/kmf3/ros2_ws/src/kmf3_ros360_cpp/install/kmf3_ros360_cpp/bin'
[15.824s] Level 1:colcon.colcon_core.environment:checking '/impacs/kmf3/ros2_ws/src/kmf3_ros360_cpp/install/kmf3_ros360_cpp/lib/pkgconfig/kmf3_ros360_cpp.pc'
[15.824s] Level 1:colcon.colcon_core.environment:checking '/impacs/kmf3/ros2_ws/src/kmf3_ros360_cpp/install/kmf3_ros360_cpp/lib/python3.10/site-packages'
[15.824s] Level 1:colcon.colcon_core.environment:checking '/impacs/kmf3/ros2_ws/src/kmf3_ros360_cpp/install/kmf3_ros360_cpp/bin'
[15.825s] INFO:colcon.colcon_core.shell:Creating package script '/impacs/kmf3/ros2_ws/src/kmf3_ros360_cpp/install/kmf3_ros360_cpp/share/kmf3_ros360_cpp/package.ps1'
[15.830s] INFO:colcon.colcon_core.shell:Creating package descriptor '/impacs/kmf3/ros2_ws/src/kmf3_ros360_cpp/install/kmf3_ros360_cpp/share/kmf3_ros360_cpp/package.dsv'
[15.836s] INFO:colcon.colcon_core.shell:Creating package script '/impacs/kmf3/ros2_ws/src/kmf3_ros360_cpp/install/kmf3_ros360_cpp/share/kmf3_ros360_cpp/package.sh'
[15.843s] INFO:colcon.colcon_core.shell:Creating package script '/impacs/kmf3/ros2_ws/src/kmf3_ros360_cpp/install/kmf3_ros360_cpp/share/kmf3_ros360_cpp/package.bash'
[15.851s] INFO:colcon.colcon_core.shell:Creating package script '/impacs/kmf3/ros2_ws/src/kmf3_ros360_cpp/install/kmf3_ros360_cpp/share/kmf3_ros360_cpp/package.zsh'
[15.862s] Level 1:colcon.colcon_core.environment:create_file_with_runtime_dependencies(/impacs/kmf3/ros2_ws/src/kmf3_ros360_cpp/install/kmf3_ros360_cpp/share/colcon-core/packages/kmf3_ros360_cpp)
[15.994s] Level 1:colcon.colcon_core.environment:create_environment_scripts_only(kmf3_ros360_cpp)
[15.995s] Level 1:colcon.colcon_core.environment:checking '/impacs/kmf3/ros2_ws/src/kmf3_ros360_cpp/install/kmf3_ros360_cpp' for CMake module files
[16.000s] Level 1:colcon.colcon_core.environment:checking '/impacs/kmf3/ros2_ws/src/kmf3_ros360_cpp/install/kmf3_ros360_cpp' for CMake config files
[16.013s] Level 1:colcon.colcon_core.shell:create_environment_hook('kmf3_ros360_cpp', 'cmake_prefix_path')
[16.014s] INFO:colcon.colcon_core.shell:Creating environment hook '/impacs/kmf3/ros2_ws/src/kmf3_ros360_cpp/install/kmf3_ros360_cpp/share/kmf3_ros360_cpp/hook/cmake_prefix_path.ps1'
[16.024s] INFO:colcon.colcon_core.shell:Creating environment descriptor '/impacs/kmf3/ros2_ws/src/kmf3_ros360_cpp/install/kmf3_ros360_cpp/share/kmf3_ros360_cpp/hook/cmake_prefix_path.dsv'
[16.029s] INFO:colcon.colcon_core.shell:Creating environment hook '/impacs/kmf3/ros2_ws/src/kmf3_ros360_cpp/install/kmf3_ros360_cpp/share/kmf3_ros360_cpp/hook/cmake_prefix_path.sh'
[16.039s] Level 1:colcon.colcon_core.environment:checking '/impacs/kmf3/ros2_ws/src/kmf3_ros360_cpp/install/kmf3_ros360_cpp/lib'
[16.040s] Level 1:colcon.colcon_core.environment:checking '/impacs/kmf3/ros2_ws/src/kmf3_ros360_cpp/install/kmf3_ros360_cpp/bin'
[16.041s] Level 1:colcon.colcon_core.environment:checking '/impacs/kmf3/ros2_ws/src/kmf3_ros360_cpp/install/kmf3_ros360_cpp/lib/pkgconfig/kmf3_ros360_cpp.pc'
[16.041s] Level 1:colcon.colcon_core.environment:checking '/impacs/kmf3/ros2_ws/src/kmf3_ros360_cpp/install/kmf3_ros360_cpp/lib/python3.10/site-packages'
[16.041s] Level 1:colcon.colcon_core.environment:checking '/impacs/kmf3/ros2_ws/src/kmf3_ros360_cpp/install/kmf3_ros360_cpp/bin'
[16.042s] INFO:colcon.colcon_core.shell:Creating package script '/impacs/kmf3/ros2_ws/src/kmf3_ros360_cpp/install/kmf3_ros360_cpp/share/kmf3_ros360_cpp/package.ps1'
[16.066s] INFO:colcon.colcon_core.shell:Creating package descriptor '/impacs/kmf3/ros2_ws/src/kmf3_ros360_cpp/install/kmf3_ros360_cpp/share/kmf3_ros360_cpp/package.dsv'
[16.072s] INFO:colcon.colcon_core.shell:Creating package script '/impacs/kmf3/ros2_ws/src/kmf3_ros360_cpp/install/kmf3_ros360_cpp/share/kmf3_ros360_cpp/package.sh'
[16.079s] INFO:colcon.colcon_core.shell:Creating package script '/impacs/kmf3/ros2_ws/src/kmf3_ros360_cpp/install/kmf3_ros360_cpp/share/kmf3_ros360_cpp/package.bash'
[16.087s] INFO:colcon.colcon_core.shell:Creating package script '/impacs/kmf3/ros2_ws/src/kmf3_ros360_cpp/install/kmf3_ros360_cpp/share/kmf3_ros360_cpp/package.zsh'
[16.094s] Level 1:colcon.colcon_core.environment:create_file_with_runtime_dependencies(/impacs/kmf3/ros2_ws/src/kmf3_ros360_cpp/install/kmf3_ros360_cpp/share/colcon-core/packages/kmf3_ros360_cpp)
[16.100s] DEBUG:colcon.colcon_parallel_executor.executor.parallel:closing loop
[16.100s] DEBUG:colcon.colcon_parallel_executor.executor.parallel:loop closed
[16.100s] DEBUG:colcon.colcon_parallel_executor.executor.parallel:run_until_complete finished with '0'
[16.100s] DEBUG:colcon.colcon_core.event_reactor:joining thread
[16.134s] INFO:colcon.colcon_core.plugin_system:Skipping extension 'colcon_notification.desktop_notification.terminal_notifier': Not used on non-Darwin systems
[16.135s] INFO:colcon.colcon_core.plugin_system:Skipping extension 'colcon_notification.desktop_notification.win32': Not used on non-Windows systems
[16.135s] INFO:colcon.colcon_notification.desktop_notification:Sending desktop notification using 'notify2'
[16.152s] DEBUG:colcon.colcon_core.event_reactor:joined thread
[16.153s] INFO:colcon.colcon_core.shell:Creating prefix script '/impacs/kmf3/ros2_ws/src/kmf3_ros360_cpp/install/local_setup.ps1'
[16.161s] INFO:colcon.colcon_core.shell:Creating prefix util module '/impacs/kmf3/ros2_ws/src/kmf3_ros360_cpp/install/_local_setup_util_ps1.py'
[16.168s] INFO:colcon.colcon_core.shell:Creating prefix chain script '/impacs/kmf3/ros2_ws/src/kmf3_ros360_cpp/install/setup.ps1'
[16.181s] INFO:colcon.colcon_core.shell:Creating prefix script '/impacs/kmf3/ros2_ws/src/kmf3_ros360_cpp/install/local_setup.sh'
[16.188s] INFO:colcon.colcon_core.shell:Creating prefix util module '/impacs/kmf3/ros2_ws/src/kmf3_ros360_cpp/install/_local_setup_util_sh.py'
[16.195s] INFO:colcon.colcon_core.shell:Creating prefix chain script '/impacs/kmf3/ros2_ws/src/kmf3_ros360_cpp/install/setup.sh'
[16.208s] INFO:colcon.colcon_core.shell:Creating prefix script '/impacs/kmf3/ros2_ws/src/kmf3_ros360_cpp/install/local_setup.bash'
[16.214s] INFO:colcon.colcon_core.shell:Creating prefix chain script '/impacs/kmf3/ros2_ws/src/kmf3_ros360_cpp/install/setup.bash'
[16.222s] INFO:colcon.colcon_core.shell:Creating prefix script '/impacs/kmf3/ros2_ws/src/kmf3_ros360_cpp/install/local_setup.zsh'
[16.232s] INFO:colcon.colcon_core.shell:Creating prefix chain script '/impacs/kmf3/ros2_ws/src/kmf3_ros360_cpp/install/setup.zsh'
